<?xml version="1.0" encoding="UTF-8"?>
<!-- Generated by org.testng.reporters.JUnitReportReporter -->
<testsuite skipped="0" hostname="DESKTOP-OA1OO22" name="Framework.fetching_exceldata" tests="1" failures="0" timestamp="06 Mar 2021 13:08:08 GMT" time="348.429" errors="0">
  <testcase name="exceldata" time="348.429" classname="Framework.fetching_exceldata"/>
</testsuite> <!-- Framework.fetching_exceldata -->
